Traceback (most recent call last):
  File "/Users/mb312/Library/Python/3.8/lib/python/site-packages/jupyter_cache/executors/utils.py", line 51, in single_nb_execution
    executenb(
  File "/Users/mb312/Library/Python/3.8/lib/python/site-packages/nbclient/client.py", line 1077, in execute
    return NotebookClient(nb=nb, resources=resources, km=km, **kwargs).execute()
  File "/Users/mb312/Library/Python/3.8/lib/python/site-packages/nbclient/util.py", line 74, in wrapped
    return just_run(coro(*args, **kwargs))
  File "/Users/mb312/Library/Python/3.8/lib/python/site-packages/nbclient/util.py", line 53, in just_run
    return loop.run_until_complete(coro)
  File "/usr/local/Cellar/python@3.8/3.8.6_1/Frameworks/Python.framework/Versions/3.8/lib/python3.8/asyncio/base_events.py", line 616, in run_until_complete
    return future.result()
  File "/Users/mb312/Library/Python/3.8/lib/python/site-packages/nbclient/client.py", line 526, in async_execute
    await self.async_execute_cell(
  File "/Users/mb312/Library/Python/3.8/lib/python/site-packages/nbclient/client.py", line 822, in async_execute_cell
    self._check_raise_for_error(cell, exec_reply)
  File "/Users/mb312/Library/Python/3.8/lib/python/site-packages/nbclient/client.py", line 730, in _check_raise_for_error
    raise CellExecutionError.from_cell_and_msg(cell, exec_reply['content'])
nbclient.exceptions.CellExecutionError: An error occurred while executing the following cell:
------------------
# Read the Excel format data file
ratings = pd.read_excel('disciplines_SI.xlsx')
ratings.head()
------------------

[0;31m---------------------------------------------------------------------------[0m
[0;31mImportError[0m                               Traceback (most recent call last)
[0;32m<ipython-input-2-20eaceac4936>[0m in [0;36m<module>[0;34m[0m
[1;32m      1[0m [0;31m# Read the Excel format data file[0m[0;34m[0m[0;34m[0m[0;34m[0m[0m
[0;32m----> 2[0;31m [0mratings[0m [0;34m=[0m [0mpd[0m[0;34m.[0m[0mread_excel[0m[0;34m([0m[0;34m'disciplines_SI.xlsx'[0m[0;34m)[0m[0;34m[0m[0;34m[0m[0m
[0m[1;32m      3[0m [0mratings[0m[0;34m.[0m[0mhead[0m[0;34m([0m[0;34m)[0m[0;34m[0m[0;34m[0m[0m

[0;32m~/Library/Python/3.9/lib/python/site-packages/pandas/util/_decorators.py[0m in [0;36mwrapper[0;34m(*args, **kwargs)[0m
[1;32m    294[0m                 )
[1;32m    295[0m                 [0mwarnings[0m[0;34m.[0m[0mwarn[0m[0;34m([0m[0mmsg[0m[0;34m,[0m [0mFutureWarning[0m[0;34m,[0m [0mstacklevel[0m[0;34m=[0m[0mstacklevel[0m[0;34m)[0m[0;34m[0m[0;34m[0m[0m
[0;32m--> 296[0;31m             [0;32mreturn[0m [0mfunc[0m[0;34m([0m[0;34m*[0m[0margs[0m[0;34m,[0m [0;34m**[0m[0mkwargs[0m[0;34m)[0m[0;34m[0m[0;34m[0m[0m
[0m[1;32m    297[0m [0;34m[0m[0m
[1;32m    298[0m         [0;32mreturn[0m [0mwrapper[0m[0;34m[0m[0;34m[0m[0m

[0;32m~/Library/Python/3.9/lib/python/site-packages/pandas/io/excel/_base.py[0m in [0;36mread_excel[0;34m(io, sheet_name, header, names, index_col, usecols, squeeze, dtype, engine, converters, true_values, false_values, skiprows, nrows, na_values, keep_default_na, na_filter, verbose, parse_dates, date_parser, thousands, comment, skipfooter, convert_float, mangle_dupe_cols)[0m
[1;32m    302[0m [0;34m[0m[0m
[1;32m    303[0m     [0;32mif[0m [0;32mnot[0m [0misinstance[0m[0;34m([0m[0mio[0m[0;34m,[0m [0mExcelFile[0m[0;34m)[0m[0;34m:[0m[0;34m[0m[0;34m[0m[0m
[0;32m--> 304[0;31m         [0mio[0m [0;34m=[0m [0mExcelFile[0m[0;34m([0m[0mio[0m[0;34m,[0m [0mengine[0m[0;34m=[0m[0mengine[0m[0;34m)[0m[0;34m[0m[0;34m[0m[0m
[0m[1;32m    305[0m     [0;32melif[0m [0mengine[0m [0;32mand[0m [0mengine[0m [0;34m!=[0m [0mio[0m[0;34m.[0m[0mengine[0m[0;34m:[0m[0;34m[0m[0;34m[0m[0m
[1;32m    306[0m         raise ValueError(

[0;32m~/Library/Python/3.9/lib/python/site-packages/pandas/io/excel/_base.py[0m in [0;36m__init__[0;34m(self, path_or_buffer, engine)[0m
[1;32m    865[0m         [0mself[0m[0;34m.[0m[0m_io[0m [0;34m=[0m [0mstringify_path[0m[0;34m([0m[0mpath_or_buffer[0m[0;34m)[0m[0;34m[0m[0;34m[0m[0m
[1;32m    866[0m [0;34m[0m[0m
[0;32m--> 867[0;31m         [0mself[0m[0;34m.[0m[0m_reader[0m [0;34m=[0m [0mself[0m[0;34m.[0m[0m_engines[0m[0;34m[[0m[0mengine[0m[0;34m][0m[0;34m([0m[0mself[0m[0;34m.[0m[0m_io[0m[0;34m)[0m[0;34m[0m[0;34m[0m[0m
[0m[1;32m    868[0m [0;34m[0m[0m
[1;32m    869[0m     [0;32mdef[0m [0m__fspath__[0m[0;34m([0m[0mself[0m[0;34m)[0m[0;34m:[0m[0;34m[0m[0;34m[0m[0m

[0;32m~/Library/Python/3.9/lib/python/site-packages/pandas/io/excel/_xlrd.py[0m in [0;36m__init__[0;34m(self, filepath_or_buffer)[0m
[1;32m     19[0m         """
[1;32m     20[0m         [0merr_msg[0m [0;34m=[0m [0;34m"Install xlrd >= 1.0.0 for Excel support"[0m[0;34m[0m[0;34m[0m[0m
[0;32m---> 21[0;31m         [0mimport_optional_dependency[0m[0;34m([0m[0;34m"xlrd"[0m[0;34m,[0m [0mextra[0m[0;34m=[0m[0merr_msg[0m[0;34m)[0m[0;34m[0m[0;34m[0m[0m
[0m[1;32m     22[0m         [0msuper[0m[0;34m([0m[0;34m)[0m[0;34m.[0m[0m__init__[0m[0;34m([0m[0mfilepath_or_buffer[0m[0;34m)[0m[0;34m[0m[0;34m[0m[0m
[1;32m     23[0m [0;34m[0m[0m

[0;32m~/Library/Python/3.9/lib/python/site-packages/pandas/compat/_optional.py[0m in [0;36mimport_optional_dependency[0;34m(name, extra, raise_on_missing, on_version)[0m
[1;32m    108[0m     [0;32mexcept[0m [0mImportError[0m[0;34m:[0m[0;34m[0m[0;34m[0m[0m
[1;32m    109[0m         [0;32mif[0m [0mraise_on_missing[0m[0;34m:[0m[0;34m[0m[0;34m[0m[0m
[0;32m--> 110[0;31m             [0;32mraise[0m [0mImportError[0m[0;34m([0m[0mmsg[0m[0;34m)[0m [0;32mfrom[0m [0;32mNone[0m[0;34m[0m[0;34m[0m[0m
[0m[1;32m    111[0m         [0;32melse[0m[0;34m:[0m[0;34m[0m[0;34m[0m[0m
[1;32m    112[0m             [0;32mreturn[0m [0;32mNone[0m[0;34m[0m[0;34m[0m[0m

[0;31mImportError[0m: Missing optional dependency 'xlrd'. Install xlrd >= 1.0.0 for Excel support Use pip or conda to install xlrd.
ImportError: Missing optional dependency 'xlrd'. Install xlrd >= 1.0.0 for Excel support Use pip or conda to install xlrd.

