Traceback (most recent call last):
  File "/Users/brettmz-admin/Library/Python/3.8/lib/python/site-packages/jupyter_cache/executors/utils.py", line 51, in single_nb_execution
    executenb(
  File "/Users/brettmz-admin/Library/Python/3.8/lib/python/site-packages/nbclient/client.py", line 1087, in execute
    return NotebookClient(nb=nb, resources=resources, km=km, **kwargs).execute()
  File "/Users/brettmz-admin/Library/Python/3.8/lib/python/site-packages/nbclient/util.py", line 74, in wrapped
    return just_run(coro(*args, **kwargs))
  File "/Users/brettmz-admin/Library/Python/3.8/lib/python/site-packages/nbclient/util.py", line 53, in just_run
    return loop.run_until_complete(coro)
  File "/Library/Frameworks/Python.framework/Versions/3.8/lib/python3.8/asyncio/base_events.py", line 612, in run_until_complete
    return future.result()
  File "/Users/brettmz-admin/Library/Python/3.8/lib/python/site-packages/nbclient/client.py", line 540, in async_execute
    await self.async_execute_cell(
  File "/Users/brettmz-admin/Library/Python/3.8/lib/python/site-packages/nbclient/client.py", line 832, in async_execute_cell
    self._check_raise_for_error(cell, exec_reply)
  File "/Users/brettmz-admin/Library/Python/3.8/lib/python/site-packages/nbclient/client.py", line 740, in _check_raise_for_error
    raise CellExecutionError.from_cell_and_msg(cell, exec_reply['content'])
nbclient.exceptions.CellExecutionError: An error occurred while executing the following cell:
------------------
# Read the Excel format data file
ratings = pd.read_excel('disciplines_SI.xlsx')
# Convert Easiness and Overall Quality measures to arrays.
easiness = np.array(ratings['Easiness'])
quality = np.array(ratings['Overall Quality'])
------------------

[0;31m---------------------------------------------------------------------------[0m
[0;31mXLRDError[0m                                 Traceback (most recent call last)
[0;32m<ipython-input-2-97d052346bfc>[0m in [0;36m<module>[0;34m[0m
[1;32m      1[0m [0;31m# Read the Excel format data file[0m[0;34m[0m[0;34m[0m[0;34m[0m[0m
[0;32m----> 2[0;31m [0mratings[0m [0;34m=[0m [0mpd[0m[0;34m.[0m[0mread_excel[0m[0;34m([0m[0;34m'disciplines_SI.xlsx'[0m[0;34m)[0m[0;34m[0m[0;34m[0m[0m
[0m[1;32m      3[0m [0;31m# Convert Easiness and Overall Quality measures to arrays.[0m[0;34m[0m[0;34m[0m[0;34m[0m[0m
[1;32m      4[0m [0measiness[0m [0;34m=[0m [0mnp[0m[0;34m.[0m[0marray[0m[0;34m([0m[0mratings[0m[0;34m[[0m[0;34m'Easiness'[0m[0;34m][0m[0;34m)[0m[0;34m[0m[0;34m[0m[0m
[1;32m      5[0m [0mquality[0m [0;34m=[0m [0mnp[0m[0;34m.[0m[0marray[0m[0;34m([0m[0mratings[0m[0;34m[[0m[0;34m'Overall Quality'[0m[0;34m][0m[0;34m)[0m[0;34m[0m[0;34m[0m[0m

[0;32m~/Library/Python/3.8/lib/python/site-packages/pandas/util/_decorators.py[0m in [0;36mwrapper[0;34m(*args, **kwargs)[0m
[1;32m    294[0m                 )
[1;32m    295[0m                 [0mwarnings[0m[0;34m.[0m[0mwarn[0m[0;34m([0m[0mmsg[0m[0;34m,[0m [0mFutureWarning[0m[0;34m,[0m [0mstacklevel[0m[0;34m=[0m[0mstacklevel[0m[0;34m)[0m[0;34m[0m[0;34m[0m[0m
[0;32m--> 296[0;31m             [0;32mreturn[0m [0mfunc[0m[0;34m([0m[0;34m*[0m[0margs[0m[0;34m,[0m [0;34m**[0m[0mkwargs[0m[0;34m)[0m[0;34m[0m[0;34m[0m[0m
[0m[1;32m    297[0m [0;34m[0m[0m
[1;32m    298[0m         [0;32mreturn[0m [0mwrapper[0m[0;34m[0m[0;34m[0m[0m

[0;32m~/Library/Python/3.8/lib/python/site-packages/pandas/io/excel/_base.py[0m in [0;36mread_excel[0;34m(io, sheet_name, header, names, index_col, usecols, squeeze, dtype, engine, converters, true_values, false_values, skiprows, nrows, na_values, keep_default_na, na_filter, verbose, parse_dates, date_parser, thousands, comment, skipfooter, convert_float, mangle_dupe_cols)[0m
[1;32m    302[0m [0;34m[0m[0m
[1;32m    303[0m     [0;32mif[0m [0;32mnot[0m [0misinstance[0m[0;34m([0m[0mio[0m[0;34m,[0m [0mExcelFile[0m[0;34m)[0m[0;34m:[0m[0;34m[0m[0;34m[0m[0m
[0;32m--> 304[0;31m         [0mio[0m [0;34m=[0m [0mExcelFile[0m[0;34m([0m[0mio[0m[0;34m,[0m [0mengine[0m[0;34m=[0m[0mengine[0m[0;34m)[0m[0;34m[0m[0;34m[0m[0m
[0m[1;32m    305[0m     [0;32melif[0m [0mengine[0m [0;32mand[0m [0mengine[0m [0;34m!=[0m [0mio[0m[0;34m.[0m[0mengine[0m[0;34m:[0m[0;34m[0m[0;34m[0m[0m
[1;32m    306[0m         raise ValueError(

[0;32m~/Library/Python/3.8/lib/python/site-packages/pandas/io/excel/_base.py[0m in [0;36m__init__[0;34m(self, path_or_buffer, engine)[0m
[1;32m    865[0m         [0mself[0m[0;34m.[0m[0m_io[0m [0;34m=[0m [0mstringify_path[0m[0;34m([0m[0mpath_or_buffer[0m[0;34m)[0m[0;34m[0m[0;34m[0m[0m
[1;32m    866[0m [0;34m[0m[0m
[0;32m--> 867[0;31m         [0mself[0m[0;34m.[0m[0m_reader[0m [0;34m=[0m [0mself[0m[0;34m.[0m[0m_engines[0m[0;34m[[0m[0mengine[0m[0;34m][0m[0;34m([0m[0mself[0m[0;34m.[0m[0m_io[0m[0;34m)[0m[0;34m[0m[0;34m[0m[0m
[0m[1;32m    868[0m [0;34m[0m[0m
[1;32m    869[0m     [0;32mdef[0m [0m__fspath__[0m[0;34m([0m[0mself[0m[0;34m)[0m[0;34m:[0m[0;34m[0m[0;34m[0m[0m

[0;32m~/Library/Python/3.8/lib/python/site-packages/pandas/io/excel/_xlrd.py[0m in [0;36m__init__[0;34m(self, filepath_or_buffer)[0m
[1;32m     20[0m         [0merr_msg[0m [0;34m=[0m [0;34m"Install xlrd >= 1.0.0 for Excel support"[0m[0;34m[0m[0;34m[0m[0m
[1;32m     21[0m         [0mimport_optional_dependency[0m[0;34m([0m[0;34m"xlrd"[0m[0;34m,[0m [0mextra[0m[0;34m=[0m[0merr_msg[0m[0;34m)[0m[0;34m[0m[0;34m[0m[0m
[0;32m---> 22[0;31m         [0msuper[0m[0;34m([0m[0;34m)[0m[0;34m.[0m[0m__init__[0m[0;34m([0m[0mfilepath_or_buffer[0m[0;34m)[0m[0;34m[0m[0;34m[0m[0m
[0m[1;32m     23[0m [0;34m[0m[0m
[1;32m     24[0m     [0;34m@[0m[0mproperty[0m[0;34m[0m[0;34m[0m[0m

[0;32m~/Library/Python/3.8/lib/python/site-packages/pandas/io/excel/_base.py[0m in [0;36m__init__[0;34m(self, filepath_or_buffer)[0m
[1;32m    351[0m             [0mself[0m[0;34m.[0m[0mbook[0m [0;34m=[0m [0mself[0m[0;34m.[0m[0mload_workbook[0m[0;34m([0m[0mfilepath_or_buffer[0m[0;34m)[0m[0;34m[0m[0;34m[0m[0m
[1;32m    352[0m         [0;32melif[0m [0misinstance[0m[0;34m([0m[0mfilepath_or_buffer[0m[0;34m,[0m [0mstr[0m[0;34m)[0m[0;34m:[0m[0;34m[0m[0;34m[0m[0m
[0;32m--> 353[0;31m             [0mself[0m[0;34m.[0m[0mbook[0m [0;34m=[0m [0mself[0m[0;34m.[0m[0mload_workbook[0m[0;34m([0m[0mfilepath_or_buffer[0m[0;34m)[0m[0;34m[0m[0;34m[0m[0m
[0m[1;32m    354[0m         [0;32melif[0m [0misinstance[0m[0;34m([0m[0mfilepath_or_buffer[0m[0;34m,[0m [0mbytes[0m[0;34m)[0m[0;34m:[0m[0;34m[0m[0;34m[0m[0m
[1;32m    355[0m             [0mself[0m[0;34m.[0m[0mbook[0m [0;34m=[0m [0mself[0m[0;34m.[0m[0mload_workbook[0m[0;34m([0m[0mBytesIO[0m[0;34m([0m[0mfilepath_or_buffer[0m[0;34m)[0m[0;34m)[0m[0;34m[0m[0;34m[0m[0m

[0;32m~/Library/Python/3.8/lib/python/site-packages/pandas/io/excel/_xlrd.py[0m in [0;36mload_workbook[0;34m(self, filepath_or_buffer)[0m
[1;32m     35[0m             [0;32mreturn[0m [0mopen_workbook[0m[0;34m([0m[0mfile_contents[0m[0;34m=[0m[0mdata[0m[0;34m)[0m[0;34m[0m[0;34m[0m[0m
[1;32m     36[0m         [0;32melse[0m[0;34m:[0m[0;34m[0m[0;34m[0m[0m
[0;32m---> 37[0;31m             [0;32mreturn[0m [0mopen_workbook[0m[0;34m([0m[0mfilepath_or_buffer[0m[0;34m)[0m[0;34m[0m[0;34m[0m[0m
[0m[1;32m     38[0m [0;34m[0m[0m
[1;32m     39[0m     [0;34m@[0m[0mproperty[0m[0;34m[0m[0;34m[0m[0m

[0;32m~/Library/Python/3.8/lib/python/site-packages/xlrd/__init__.py[0m in [0;36mopen_workbook[0;34m(filename, logfile, verbosity, use_mmap, file_contents, encoding_override, formatting_info, on_demand, ragged_rows, ignore_workbook_corruption)[0m
[1;32m    168[0m     [0;31m# files that xlrd can parse don't start with the expected signature.[0m[0;34m[0m[0;34m[0m[0;34m[0m[0m
[1;32m    169[0m     [0;32mif[0m [0mfile_format[0m [0;32mand[0m [0mfile_format[0m [0;34m!=[0m [0;34m'xls'[0m[0;34m:[0m[0;34m[0m[0;34m[0m[0m
[0;32m--> 170[0;31m         [0;32mraise[0m [0mXLRDError[0m[0;34m([0m[0mFILE_FORMAT_DESCRIPTIONS[0m[0;34m[[0m[0mfile_format[0m[0;34m][0m[0;34m+[0m[0;34m'; not supported'[0m[0;34m)[0m[0;34m[0m[0;34m[0m[0m
[0m[1;32m    171[0m [0;34m[0m[0m
[1;32m    172[0m     bk = open_workbook_xls(

[0;31mXLRDError[0m: Excel xlsx file; not supported
XLRDError: Excel xlsx file; not supported

